<?xml version="1.0" encoding="UTF-8"?>
<!-- Generated by org.testng.reporters.JUnitReportReporter -->
<testsuite hostname="pradeeps-macbook.local" failures="0" tests="1" name="framework.cucumber.TestNGTestRunner" time="6.503" errors="0" timestamp="2025-01-07T17:50:48 IST" skipped="0">
  <testcase classname="framework.cucumber.TestNGTestRunner" name="runScenario" time="6.503"/>
  <system-out/>
</testsuite> <!-- framework.cucumber.TestNGTestRunner -->
