<?xml version="1.0" encoding="UTF-8"?>
<!-- Generated by org.testng.reporters.JUnitReportReporter -->
<testsuite hostname="pradeeps-macbook.local" failures="0" tests="2" name="framework.Tests.ErrorValidationsTest" time="11.790" errors="0" timestamp="2025-01-07T15:24:44 IST" skipped="0">
  <testcase classname="framework.Tests.ErrorValidationsTest" name="submitOrder" time="3.624"/>
  <system-out/>
  <testcase classname="framework.Tests.ErrorValidationsTest" name="productErrorValidation" time="8.166"/>
  <system-out/>
</testsuite> <!-- framework.Tests.ErrorValidationsTest -->
