<?xml version="1.0" encoding="UTF-8"?>
<!-- Generated by org.testng.reporters.JUnitReportReporter -->
<testsuite hostname="pradeeps-macbook.local" failures="0" tests="1" name="framework.Tests.ErrorValidations" time="3.552" errors="0" timestamp="2025-01-05T21:22:17 IST" skipped="0">
  <testcase classname="framework.Tests.ErrorValidations" name="submitOrder" time="3.552"/>
  <system-out/>
</testsuite> <!-- framework.Tests.ErrorValidations -->
