<?xml version="1.0" encoding="UTF-8"?>
<!-- Generated by org.testng.reporters.JUnitReportReporter -->
<testsuite hostname="pradeeps-macbook.local" failures="0" tests="3" name="framework.Tests.SubmitOrderTest" time="50.978" errors="0" timestamp="2025-01-07T15:19:53 IST" skipped="0">
  <testcase classname="framework.Tests.SubmitOrderTest" name="submitOrder" time="19.255"/>
  <system-out/>
  <testcase classname="framework.Tests.SubmitOrderTest" name="OrderHistoryTest" time="12.085"/>
  <system-out/>
  <testcase classname="framework.Tests.SubmitOrderTest" name="submitOrder" time="19.638"/>
  <system-out/>
</testsuite> <!-- framework.Tests.SubmitOrderTest -->
