<?xml version="1.0" encoding="UTF-8"?>
<!-- Generated by org.testng.reporters.JUnitReportReporter -->
<testsuite hostname="pradeeps-macbook.local" failures="0" tests="1" name="framework.cucumber.TestNGTestRunner" time="16.268" errors="0" timestamp="2025-01-07T18:09:19 IST" skipped="0">
  <testcase classname="framework.cucumber.TestNGTestRunner" name="runScenario" time="16.268"/>
  <system-out/>
</testsuite> <!-- framework.cucumber.TestNGTestRunner -->
